..\..\..\..\debug10\ExtTrans.pdb
D:\SOFTWARE\DEV\DEBUG10\EXTTRANS.DPE
D:\software\dev\debug10\ExtTrans.exp
D:\software\dev\debug10\ExtTrans.lib
D:\SOFTWARE\DEV\DEBUG10\EXTTRANS.PDB
D:\software\dev\P111129__VMDSPlugins\trunk\develop\ExtTrans\..\..\..\..\debug10\ExtTrans.dpe
D:\software\dev\P111129__VMDSPlugins\trunk\develop\ExtTrans\Release\cl.command.1.tlog
D:\software\dev\P111129__VMDSPlugins\trunk\develop\ExtTrans\Release\CL.read.1.tlog
D:\software\dev\P111129__VMDSPlugins\trunk\develop\ExtTrans\Release\CL.write.1.tlog
D:\SOFTWARE\DEV\P111129__VMDSPLUGINS\TRUNK\DEVELOP\EXTTRANS\RELEASE\COMSERVER.OBJ
D:\SOFTWARE\DEV\P111129__VMDSPLUGINS\TRUNK\DEVELOP\EXTTRANS\RELEASE\EXTTRANS.DPE.INTERMEDIATE.MANIFEST
D:\SOFTWARE\DEV\P111129__VMDSPLUGINS\TRUNK\DEVELOP\EXTTRANS\RELEASE\EXTTRANS.OBJ
D:\software\dev\P111129__VMDSPlugins\trunk\develop\ExtTrans\Release\ExtTrans.vcxprojResolveAssemblyReference.cache
D:\software\dev\P111129__VMDSPlugins\trunk\develop\ExtTrans\Release\ExtTrans.write.1.tlog
D:\SOFTWARE\DEV\P111129__VMDSPLUGINS\TRUNK\DEVELOP\EXTTRANS\RELEASE\FCS16.OBJ
D:\SOFTWARE\DEV\P111129__VMDSPLUGINS\TRUNK\DEVELOP\EXTTRANS\RELEASE\IRDACLIENT.OBJ
D:\software\dev\P111129__VMDSPlugins\trunk\develop\ExtTrans\Release\link.command.1.tlog
D:\software\dev\P111129__VMDSPlugins\trunk\develop\ExtTrans\Release\link.read.1.tlog
D:\software\dev\P111129__VMDSPlugins\trunk\develop\ExtTrans\Release\link.write.1.tlog
D:\software\dev\P111129__VMDSPlugins\trunk\develop\ExtTrans\Release\mt.command.1.tlog
D:\software\dev\P111129__VMDSPlugins\trunk\develop\ExtTrans\Release\mt.read.1.tlog
D:\software\dev\P111129__VMDSPlugins\trunk\develop\ExtTrans\Release\mt.write.1.tlog
D:\SOFTWARE\DEV\P111129__VMDSPLUGINS\TRUNK\DEVELOP\EXTTRANS\RELEASE\STDAFX.OBJ
D:\SOFTWARE\DEV\P111129__VMDSPLUGINS\TRUNK\DEVELOP\EXTTRANS\RELEASE\TASKBASE.OBJ
D:\SOFTWARE\DEV\P111129__VMDSPLUGINS\TRUNK\DEVELOP\EXTTRANS\RELEASE\VC100.PDB
