..\..\..\..\debug10\ExtTrans.ilk
..\..\..\..\debug10\ExtTrans.pdb
D:\SOFTWARE\DEV\DEBUG10\EXTTRANS.DPE
D:\software\dev\debug10\ExtTrans.exp
D:\SOFTWARE\DEV\DEBUG10\EXTTRANS.ILK
D:\software\dev\debug10\ExtTrans.lib
D:\SOFTWARE\DEV\DEBUG10\EXTTRANS.PDB
D:\software\dev\P111129__VMDSPlugins\trunk\develop\ExtTrans\..\..\..\..\debug10\ExtTrans.dpe
D:\software\dev\P111129__VMDSPlugins\trunk\develop\ExtTrans\Debug\cl.command.1.tlog
D:\software\dev\P111129__VMDSPlugins\trunk\develop\ExtTrans\Debug\CL.read.1.tlog
D:\software\dev\P111129__VMDSPlugins\trunk\develop\ExtTrans\Debug\CL.write.1.tlog
D:\SOFTWARE\DEV\P111129__VMDSPLUGINS\TRUNK\DEVELOP\EXTTRANS\DEBUG\COMSERVER.OBJ
D:\SOFTWARE\DEV\P111129__VMDSPLUGINS\TRUNK\DEVELOP\EXTTRANS\DEBUG\EXTTRANS.DPE.INTERMEDIATE.MANIFEST
D:\SOFTWARE\DEV\P111129__VMDSPLUGINS\TRUNK\DEVELOP\EXTTRANS\DEBUG\EXTTRANS.OBJ
D:\software\dev\P111129__VMDSPlugins\trunk\develop\ExtTrans\Debug\ExtTrans.vcxprojResolveAssemblyReference.cache
D:\software\dev\P111129__VMDSPlugins\trunk\develop\ExtTrans\Debug\ExtTrans.write.1.tlog
D:\SOFTWARE\DEV\P111129__VMDSPLUGINS\TRUNK\DEVELOP\EXTTRANS\DEBUG\FCS16.OBJ
D:\SOFTWARE\DEV\P111129__VMDSPLUGINS\TRUNK\DEVELOP\EXTTRANS\DEBUG\IRDACLIENT.OBJ
D:\software\dev\P111129__VMDSPlugins\trunk\develop\ExtTrans\Debug\link.command.1.tlog
D:\software\dev\P111129__VMDSPlugins\trunk\develop\ExtTrans\Debug\link.read.1.tlog
D:\software\dev\P111129__VMDSPlugins\trunk\develop\ExtTrans\Debug\link.write.1.tlog
D:\SOFTWARE\DEV\P111129__VMDSPLUGINS\TRUNK\DEVELOP\EXTTRANS\DEBUG\LOGTASK.OBJ
D:\software\dev\P111129__VMDSPlugins\trunk\develop\ExtTrans\Debug\mt.command.1.tlog
D:\software\dev\P111129__VMDSPlugins\trunk\develop\ExtTrans\Debug\mt.read.1.tlog
D:\software\dev\P111129__VMDSPlugins\trunk\develop\ExtTrans\Debug\mt.write.1.tlog
D:\SOFTWARE\DEV\P111129__VMDSPLUGINS\TRUNK\DEVELOP\EXTTRANS\DEBUG\STDAFX.OBJ
D:\SOFTWARE\DEV\P111129__VMDSPLUGINS\TRUNK\DEVELOP\EXTTRANS\DEBUG\TASKBASE.OBJ
D:\software\dev\P111129__VMDSPlugins\trunk\develop\ExtTrans\Debug\vc100.idb
D:\SOFTWARE\DEV\P111129__VMDSPLUGINS\TRUNK\DEVELOP\EXTTRANS\DEBUG\VC100.PDB
