..\..\..\..\debug10\ExtSeedKey.ilk
..\..\..\..\debug10\ExtSeedKey.pdb
D:\SOFTWARE\DEV\DEBUG10\EXTSEEDKEY.DPE
D:\software\dev\debug10\ExtSeedKey.exp
D:\SOFTWARE\DEV\DEBUG10\EXTSEEDKEY.ILK
D:\software\dev\debug10\ExtSeedKey.lib
D:\SOFTWARE\DEV\DEBUG10\EXTSEEDKEY.PDB
D:\software\dev\P111129__VMDSPlugins\trunk\develop\ExtSeedKey\..\..\..\..\debug10\ExtSeedKey.dpe
D:\software\dev\P111129__VMDSPlugins\trunk\develop\ExtSeedKey\Debug\cl.command.1.tlog
D:\software\dev\P111129__VMDSPlugins\trunk\develop\ExtSeedKey\Debug\CL.read.1.tlog
D:\software\dev\P111129__VMDSPlugins\trunk\develop\ExtSeedKey\Debug\CL.write.1.tlog
D:\SOFTWARE\DEV\P111129__VMDSPLUGINS\TRUNK\DEVELOP\EXTSEEDKEY\DEBUG\EXTSEEDKEY.DPE.INTERMEDIATE.MANIFEST
D:\SOFTWARE\DEV\P111129__VMDSPLUGINS\TRUNK\DEVELOP\EXTSEEDKEY\DEBUG\EXTSEEDKEY.OBJ
D:\software\dev\P111129__VMDSPlugins\trunk\develop\ExtSeedKey\Debug\ExtSeedKey.write.1.tlog
D:\software\dev\P111129__VMDSPlugins\trunk\develop\ExtSeedKey\Debug\link.command.1.tlog
D:\software\dev\P111129__VMDSPlugins\trunk\develop\ExtSeedKey\Debug\link.read.1.tlog
D:\software\dev\P111129__VMDSPlugins\trunk\develop\ExtSeedKey\Debug\link.write.1.tlog
D:\software\dev\P111129__VMDSPlugins\trunk\develop\ExtSeedKey\Debug\mt.command.1.tlog
D:\software\dev\P111129__VMDSPlugins\trunk\develop\ExtSeedKey\Debug\mt.read.1.tlog
D:\software\dev\P111129__VMDSPlugins\trunk\develop\ExtSeedKey\Debug\mt.write.1.tlog
D:\SOFTWARE\DEV\P111129__VMDSPLUGINS\TRUNK\DEVELOP\EXTSEEDKEY\DEBUG\STDAFX.OBJ
D:\software\dev\P111129__VMDSPlugins\trunk\develop\ExtSeedKey\Debug\vc100.idb
D:\SOFTWARE\DEV\P111129__VMDSPLUGINS\TRUNK\DEVELOP\EXTSEEDKEY\DEBUG\VC100.PDB
