..\..\..\..\debug10\ExtDemo.ilk
..\..\..\..\debug10\ExtDemo.pdb
D:\SOFTWARE\DEV\DEBUG10\EXTDEMO.DPE
D:\software\dev\debug10\ExtDemo.exp
D:\SOFTWARE\DEV\DEBUG10\EXTDEMO.ILK
D:\software\dev\debug10\ExtDemo.lib
D:\SOFTWARE\DEV\DEBUG10\EXTDEMO.PDB
D:\software\dev\P111129__VMDSPlugins\trunk\develop\ExtDemo\..\..\..\..\debug10\ExtDemo.dpe
D:\software\dev\P111129__VMDSPlugins\trunk\develop\ExtDemo\Debug10\cl.command.1.tlog
D:\software\dev\P111129__VMDSPlugins\trunk\develop\ExtDemo\Debug10\CL.read.1.tlog
D:\software\dev\P111129__VMDSPlugins\trunk\develop\ExtDemo\Debug10\CL.write.1.tlog
D:\SOFTWARE\DEV\P111129__VMDSPLUGINS\TRUNK\DEVELOP\EXTDEMO\DEBUG10\EXTDEMO.DPE.EMBED.MANIFEST
D:\SOFTWARE\DEV\P111129__VMDSPLUGINS\TRUNK\DEVELOP\EXTDEMO\DEBUG10\EXTDEMO.DPE.EMBED.MANIFEST.RES
D:\SOFTWARE\DEV\P111129__VMDSPLUGINS\TRUNK\DEVELOP\EXTDEMO\DEBUG10\EXTDEMO.DPE.INTERMEDIATE.MANIFEST
D:\SOFTWARE\DEV\P111129__VMDSPLUGINS\TRUNK\DEVELOP\EXTDEMO\DEBUG10\EXTDEMO.OBJ
D:\SOFTWARE\DEV\P111129__VMDSPLUGINS\TRUNK\DEVELOP\EXTDEMO\DEBUG10\EXTDEMO.PCH
D:\software\dev\P111129__VMDSPlugins\trunk\develop\ExtDemo\Debug10\ExtDemo.vcxprojResolveAssemblyReference.cache
D:\software\dev\P111129__VMDSPlugins\trunk\develop\ExtDemo\Debug10\ExtDemo.write.1.tlog
D:\software\dev\P111129__VMDSPlugins\trunk\develop\ExtDemo\Debug10\ExtDemo_manifest.rc
D:\software\dev\P111129__VMDSPlugins\trunk\develop\ExtDemo\Debug10\link.8136.read.1.tlog
D:\software\dev\P111129__VMDSPlugins\trunk\develop\ExtDemo\Debug10\link.8136.write.1.tlog
D:\software\dev\P111129__VMDSPlugins\trunk\develop\ExtDemo\Debug10\link.8136-cvtres.read.1.tlog
D:\software\dev\P111129__VMDSPlugins\trunk\develop\ExtDemo\Debug10\link.8136-cvtres.write.1.tlog
D:\software\dev\P111129__VMDSPlugins\trunk\develop\ExtDemo\Debug10\link.command.1.tlog
D:\software\dev\P111129__VMDSPlugins\trunk\develop\ExtDemo\Debug10\link.read.1.tlog
D:\software\dev\P111129__VMDSPlugins\trunk\develop\ExtDemo\Debug10\link.write.1.tlog
D:\software\dev\P111129__VMDSPlugins\trunk\develop\ExtDemo\Debug10\link-cvtres.read.1.tlog
D:\software\dev\P111129__VMDSPlugins\trunk\develop\ExtDemo\Debug10\link-cvtres.write.1.tlog
D:\software\dev\P111129__VMDSPlugins\trunk\develop\ExtDemo\Debug10\mt.command.1.tlog
D:\software\dev\P111129__VMDSPlugins\trunk\develop\ExtDemo\Debug10\mt.read.1.tlog
D:\software\dev\P111129__VMDSPlugins\trunk\develop\ExtDemo\Debug10\mt.write.1.tlog
D:\software\dev\P111129__VMDSPlugins\trunk\develop\ExtDemo\Debug10\rc.command.1.tlog
D:\software\dev\P111129__VMDSPlugins\trunk\develop\ExtDemo\Debug10\rc.read.1.tlog
D:\software\dev\P111129__VMDSPlugins\trunk\develop\ExtDemo\Debug10\rc.write.1.tlog
D:\SOFTWARE\DEV\P111129__VMDSPLUGINS\TRUNK\DEVELOP\EXTDEMO\DEBUG10\STDAFX.OBJ
D:\software\dev\P111129__VMDSPlugins\trunk\develop\ExtDemo\Debug10\vc100.idb
D:\SOFTWARE\DEV\P111129__VMDSPLUGINS\TRUNK\DEVELOP\EXTDEMO\DEBUG10\VC100.PDB
