生成启动时间为 2018/12/20 18:43:28。
     1>项目“E:\work\code\dev\P111129__VMDSPlugins\trunk\develop\ExtNet\ExtNet.vcxproj”在节点 2 上(build 个目标)。
     1>InitializeBuildStatus:
         正在对“.\Debug10U\ExtNet.unsuccessfulbuild”执行 Touch 任务。
       ClCompile:
         所有输出均为最新。
         所有输出均为最新。
       ManifestResourceCompile:
         所有输出均为最新。
       Link:
         D:\Program Files (x86)\Microsoft Visual Studio 10.0\VC\bin\link.exe /ERRORREPORT:PROMPT /OUT:"..\..\..\..\debug10\ExtNetU.dpe" /INCREMENTAL /NOLOGO /LIBPATH:..\lib10 /LIBPATH:..\..\..\..\03__libbase\trunk\develop\lib10 /LIBPATH:..\..\..\..\05__misc\trunk\develop\lib10 /LIBPATH:..\..\..\..\P111126__libdml\trunk\develop\lib10 /LIBPATH:..\..\..\..\P111127__libflow\trunk\develop\lib10 /LIBPATH:..\..\..\..\02__Common\trunk\develop\lib10 /LIBPATH:..\..\..\..\02__Common\trunk\develop\lib10\NDAM kernel32.lib user32.lib gdi32.lib winspool.lib comdlg32.lib advapi32.lib shell32.lib ole32.lib oleaut32.lib uuid.lib odbc32.lib odbccp32.lib /MANIFEST /ManifestFile:".\Debug10U\ExtNetU.dpe.intermediate.manifest" /MANIFESTUAC:"level='asInvoker' uiAccess='false'" /DEBUG /PDB:"E:\work\code\dev\debug10\ExtNetU.pdb" /SUBSYSTEM:WINDOWS /TLBID:1 /DYNAMICBASE /NXCOMPAT /IMPLIB:"..\..\..\..\debug10\ExtNetU.lib" /MACHINE:X86 /DLL .\Debug10U\ExtNetU.dpe.embed.manifest.res
         .\Debug10U\ExtNet.obj
         .\Debug10U\stdafx.obj
         .\Debug10U\WebSocket.obj
            正在创建库 ..\..\..\..\debug10\ExtNetU.lib 和对象 ..\..\..\..\debug10\ExtNetU.exp
     1>ExtNet.obj : error LNK2019: 无法解析的外部符号 "public: __thiscall CLocalDelay::CLocalDelay(class CGlobalDelay &,wchar_t const *)" (??0CLocalDelay@@QAE@AAVCGlobalDelay@@PB_W@Z)，该符号在函数 "protected: static void __cdecl CNetPlugin::gm_wsOpen(class CNetPlugin *,class CGenericVariable *,class CGenericContext *)" (?gm_wsOpen@CNetPlugin@@KAXPAV1@PAVCGenericVariable@@PAVCGenericContext@@@Z) 中被引用
     1>ExtNet.obj : error LNK2019: 无法解析的外部符号 "public: int __thiscall CHttpClient::Get(char const *,class std::basic_string<char,struct std::char_traits<char>,class std::allocator<char> > &)" (?Get@CHttpClient@@QAEHPBDAAV?$basic_string@DU?$char_traits@D@std@@V?$allocator@D@2@@std@@@Z)，该符号在函数 "protected: int __thiscall CNetPlugin::httpGet(long,char const *)" (?httpGet@CNetPlugin@@IAEHJPBD@Z) 中被引用
     1>ExtNet.obj : error LNK2019: 无法解析的外部符号 "public: int __thiscall CHttpClient::Gets(char const *,class std::basic_string<char,struct std::char_traits<char>,class std::allocator<char> > &,char const *)" (?Gets@CHttpClient@@QAEHPBDAAV?$basic_string@DU?$char_traits@D@std@@V?$allocator@D@2@@std@@0@Z)，该符号在函数 "protected: int __thiscall CNetPlugin::httpGet(long,char const *)" (?httpGet@CNetPlugin@@IAEHJPBD@Z) 中被引用
     1>ExtNet.obj : error LNK2019: 无法解析的外部符号 "public: int __thiscall CHttpClient::Post(char const *,class std::basic_string<char,struct std::char_traits<char>,class std::allocator<char> > const &,class std::basic_string<char,struct std::char_traits<char>,class std::allocator<char> > &)" (?Post@CHttpClient@@QAEHPBDABV?$basic_string@DU?$char_traits@D@std@@V?$allocator@D@2@@std@@AAV23@@Z)，该符号在函数 "protected: int __thiscall CNetPlugin::httpPost(long,char const *,char const *)" (?httpPost@CNetPlugin@@IAEHJPBD0@Z) 中被引用
     1>ExtNet.obj : error LNK2019: 无法解析的外部符号 "public: int __thiscall CHttpClient::Posts(char const *,class std::basic_string<char,struct std::char_traits<char>,class std::allocator<char> > const &,class std::basic_string<char,struct std::char_traits<char>,class std::allocator<char> > &,char const *)" (?Posts@CHttpClient@@QAEHPBDABV?$basic_string@DU?$char_traits@D@std@@V?$allocator@D@2@@std@@AAV23@0@Z)，该符号在函数 "protected: int __thiscall CNetPlugin::httpPost(long,char const *,char const *)" (?httpPost@CNetPlugin@@IAEHJPBD0@Z) 中被引用
     1>ExtNet.obj : error LNK2019: 无法解析的外部符号 "public: int __thiscall CHttpClient::Donwload(char const *,char const *,void (__cdecl*)(void *,int),void *)" (?Donwload@CHttpClient@@QAEHPBD0P6AXPAXH@Z1@Z)，该符号在函数 "protected: int __thiscall CNetPlugin::httpDownLoad(long,char const *,char const *)" (?httpDownLoad@CNetPlugin@@IAEHJPBD0@Z) 中被引用
     1>ExtNet.obj : error LNK2019: 无法解析的外部符号 "public: int __thiscall CHttpClient::Donwloads(char const *,char const *,void (__cdecl*)(void *,int),void *,char const *)" (?Donwloads@CHttpClient@@QAEHPBD0P6AXPAXH@Z10@Z)，该符号在函数 "protected: int __thiscall CNetPlugin::httpDownLoad(long,char const *,char const *)" (?httpDownLoad@CNetPlugin@@IAEHJPBD0@Z) 中被引用
     1>ExtNet.obj : error LNK2019: 无法解析的外部符号 "public: int __thiscall CHttpClient::Upload(char const *,char const *,char const *,class std::basic_string<char,struct std::char_traits<char>,class std::allocator<char> > &,char const *,unsigned int,void (__cdecl*)(void *,int),void *)" (?Upload@CHttpClient@@QAEHPBD00AAV?$basic_string@DU?$char_traits@D@std@@V?$allocator@D@2@@std@@0IP6AXPAXH@Z2@Z)，该符号在函数 "protected: int __thiscall CNetPlugin::httpUpLoad(long,char const *,char const *,char const *,char const *)" (?httpUpLoad@CNetPlugin@@IAEHJPBD000@Z) 中被引用
     1>ExtNet.obj : error LNK2019: 无法解析的外部符号 "public: int __thiscall CHttpClient::Uploads(char const *,char const *,char const *,class std::basic_string<char,struct std::char_traits<char>,class std::allocator<char> > &,char const *,unsigned int,void (__cdecl*)(void *,int),void *,char const *)" (?Uploads@CHttpClient@@QAEHPBD00AAV?$basic_string@DU?$char_traits@D@std@@V?$allocator@D@2@@std@@0IP6AXPAXH@Z20@Z)，该符号在函数 "protected: int __thiscall CNetPlugin::httpUpLoad(long,char const *,char const *,char const *,char const *)" (?httpUpLoad@CNetPlugin@@IAEHJPBD000@Z) 中被引用
     1>ExtNet.obj : error LNK2019: 无法解析的外部符号 "public: void __thiscall CHttpClient::SetConnectTimeOut(int)" (?SetConnectTimeOut@CHttpClient@@QAEXH@Z)，该符号在函数 "protected: void __thiscall CNetPlugin::httpSetConnectTimeOut(long,int)" (?httpSetConnectTimeOut@CNetPlugin@@IAEXJH@Z) 中被引用
     1>libhttpclientD.lib(httpclient.obj) : error LNK2019: 无法解析的外部符号 _logMessage_FL，该符号在函数 "public: int __thiscall CHttpClient::Post(class std::basic_string<char,struct std::char_traits<char>,class std::allocator<char> > const &,class std::basic_string<char,struct std::char_traits<char>,class std::allocator<char> > const &,class std::basic_string<char,struct std::char_traits<char>,class std::allocator<char> > &)" (?Post@CHttpClient@@QAEHABV?$basic_string@DU?$char_traits@D@std@@V?$allocator@D@2@@std@@0AAV23@@Z) 中被引用
     1>..\..\..\..\debug10\ExtNetU.dpe : fatal error LNK1120: 11 个无法解析的外部命令
     1>已完成生成项目“E:\work\code\dev\P111129__VMDSPlugins\trunk\develop\ExtNet\ExtNet.vcxproj”(build 个目标)的操作 - 失败。

生成失败。

已用时间 00:00:00.18
